# JRE version: Java(TM) SE Runtime Environment (8.0_251-b08) (build 1.8.0_251-b08)
# Java VM: Java HotSpot(TM) 64-Bit Server VM (25.251-b08 mixed mode windows-amd64 compressed oops)
Heap:
 PSYoungGen      total 162304K, used 118710K [0x0000000780900000, 0x0000000791f00000, 0x00000007c0000000)
  eden space 146944K, 80% used [0x0000000780900000,0x0000000787cedbb8,0x0000000789880000)
  from space 15360K, 0% used [0x0000000789880000,0x0000000789880000,0x000000078a780000)
  to   space 14848K, 0% used [0x0000000791080000,0x0000000791080000,0x0000000791f00000)
 ParOldGen       total 116224K, used 16796K [0x0000000701a00000, 0x0000000708b80000, 0x0000000780900000)
  object space 116224K, 14% used [0x0000000701a00000,0x0000000702a67088,0x0000000708b80000)
 Metaspace       used 37779K, capacity 38096K, committed 38272K, reserved 1083392K
  class space    used 4897K, capacity 4991K, committed 4992K, reserved 1048576K
GC Heap History (10 events):
Event: 3.356 GC heap before
{Heap before GC invocations=5 (full 1):
 PSYoungGen      total 106496K, used 8190K [0x0000000780900000, 0x0000000787900000, 0x00000007c0000000)
  eden space 98304K, 0% used [0x0000000780900000,0x0000000780900000,0x0000000786900000)
  from space 8192K, 99% used [0x0000000787100000,0x00000007878ffb30,0x0000000787900000)
  to   space 8192K, 0% used [0x0000000786900000,0x0000000786900000,0x0000000787100000)
 ParOldGen       total 131072K, used 7638K [0x0000000701a00000, 0x0000000709a00000, 0x0000000780900000)
  object space 131072K, 5% used [0x0000000701a00000,0x0000000702175928,0x0000000709a00000)
 Metaspace       used 21059K, capacity 21252K, committed 21296K, reserved 1069056K
  class space    used 2616K, capacity 2681K, committed 2688K, reserved 1048576K
Event: 3.402 GC heap after
Heap after GC invocations=5 (full 1):
 PSYoungGen      total 106496K, used 0K [0x0000000780900000, 0x0000000787900000, 0x00000007c0000000)
  eden space 98304K, 0% used [0x0000000780900000,0x0000000780900000,0x0000000786900000)
  from space 8192K, 0% used [0x0000000787100000,0x0000000787100000,0x0000000787900000)
  to   space 8192K, 0% used [0x0000000786900000,0x0000000786900000,0x0000000787100000)
 ParOldGen       total 86016K, used 10459K [0x0000000701a00000, 0x0000000706e00000, 0x0000000780900000)
  object space 86016K, 12% used [0x0000000701a00000,0x0000000702436f08,0x0000000706e00000)
 Metaspace       used 21059K, capacity 21252K, committed 21296K, reserved 1069056K
  class space    used 2616K, capacity 2681K, committed 2688K, reserved 1048576K
}
Event: 5.355 GC heap before
{Heap before GC invocations=6 (full 1):
 PSYoungGen      total 106496K, used 98304K [0x0000000780900000, 0x0000000787900000, 0x00000007c0000000)
  eden space 98304K, 100% used [0x0000000780900000,0x0000000786900000,0x0000000786900000)
  from space 8192K, 0% used [0x0000000787100000,0x0000000787100000,0x0000000787900000)
  to   space 8192K, 0% used [0x0000000786900000,0x0000000786900000,0x0000000787100000)
 ParOldGen       total 86016K, used 10459K [0x0000000701a00000, 0x0000000706e00000, 0x0000000780900000)
  object space 86016K, 12% used [0x0000000701a00000,0x0000000702436f08,0x0000000706e00000)
 Metaspace       used 26847K, capacity 27134K, committed 27392K, reserved 1073152K
  class space    used 3424K, capacity 3504K, committed 3584K, reserved 1048576K
Event: 5.366 GC heap after
Heap after GC invocations=6 (full 1):
 PSYoungGen      total 106496K, used 7403K [0x0000000780900000, 0x000000078b500000, 0x00000007c0000000)
  eden space 98304K, 0% used [0x0000000780900000,0x0000000780900000,0x0000000786900000)
  from space 8192K, 90% used [0x0000000786900000,0x000000078703ad38,0x0000000787100000)
  to   space 13824K, 0% used [0x000000078a780000,0x000000078a780000,0x000000078b500000)
 ParOldGen       total 86016K, used 10467K [0x0000000701a00000, 0x0000000706e00000, 0x0000000780900000)
  object space 86016K, 12% used [0x0000000701a00000,0x0000000702438f08,0x0000000706e00000)
 Metaspace       used 26847K, capacity 27134K, committed 27392K, reserved 1073152K
  class space    used 3424K, capacity 3504K, committed 3584K, reserved 1048576K
}
Event: 6.406 GC heap before
{Heap before GC invocations=7 (full 1):
 PSYoungGen      total 106496K, used 105707K [0x0000000780900000, 0x000000078b500000, 0x00000007c0000000)
  eden space 98304K, 100% used [0x0000000780900000,0x0000000786900000,0x0000000786900000)
  from space 8192K, 90% used [0x0000000786900000,0x000000078703ad38,0x0000000787100000)
  to   space 13824K, 0% used [0x000000078a780000,0x000000078a780000,0x000000078b500000)
 ParOldGen       total 86016K, used 10467K [0x0000000701a00000, 0x0000000706e00000, 0x0000000780900000)
  object space 86016K, 12% used [0x0000000701a00000,0x0000000702438f08,0x0000000706e00000)
 Metaspace       used 34755K, capacity 35066K, committed 35328K, reserved 1079296K
  class space    used 4483K, capacity 4566K, committed 4608K, reserved 1048576K
Event: 6.418 GC heap after
Heap after GC invocations=7 (full 1):
 PSYoungGen      total 160768K, used 12805K [0x0000000780900000, 0x000000078b700000, 0x00000007c0000000)
  eden space 146944K, 0% used [0x0000000780900000,0x0000000780900000,0x0000000789880000)
  from space 13824K, 92% used [0x000000078a780000,0x000000078b401418,0x000000078b500000)
  to   space 15360K, 0% used [0x0000000789880000,0x0000000789880000,0x000000078a780000)
 ParOldGen       total 86016K, used 10475K [0x0000000701a00000, 0x0000000706e00000, 0x0000000780900000)
  object space 86016K, 12% used [0x0000000701a00000,0x000000070243af08,0x0000000706e00000)
 Metaspace       used 34755K, capacity 35066K, committed 35328K, reserved 1079296K
  class space    used 4483K, capacity 4566K, committed 4608K, reserved 1048576K
}
Event: 6.509 GC heap before
{Heap before GC invocations=8 (full 1):
 PSYoungGen      total 160768K, used 25170K [0x0000000780900000, 0x000000078b700000, 0x00000007c0000000)
  eden space 146944K, 8% used [0x0000000780900000,0x00000007815137b0,0x0000000789880000)
  from space 13824K, 92% used [0x000000078a780000,0x000000078b401418,0x000000078b500000)
  to   space 15360K, 0% used [0x0000000789880000,0x0000000789880000,0x000000078a780000)
 ParOldGen       total 86016K, used 10475K [0x0000000701a00000, 0x0000000706e00000, 0x0000000780900000)
  object space 86016K, 12% used [0x0000000701a00000,0x000000070243af08,0x0000000706e00000)
 Metaspace       used 35112K, capacity 35372K, committed 35496K, reserved 1081344K
  class space    used 4519K, capacity 4601K, committed 4608K, reserved 1048576K
Event: 6.521 GC heap after
Heap after GC invocations=8 (full 1):
 PSYoungGen      total 162304K, used 7883K [0x0000000780900000, 0x0000000791f00000, 0x00000007c0000000)
  eden space 146944K, 0% used [0x0000000780900000,0x0000000780900000,0x0000000789880000)
  from space 15360K, 51% used [0x0000000789880000,0x000000078a032da8,0x000000078a780000)
  to   space 14848K, 0% used [0x0000000791080000,0x0000000791080000,0x0000000791f00000)
 ParOldGen       total 86016K, used 10483K [0x0000000701a00000, 0x0000000706e00000, 0x0000000780900000)
  object space 86016K, 12% used [0x0000000701a00000,0x000000070243cf08,0x0000000706e00000)
 Metaspace       used 35112K, capacity 35372K, committed 35496K, reserved 1081344K
  class space    used 4519K, capacity 4601K, committed 4608K, reserved 1048576K
}
Event: 6.521 GC heap before
{Heap before GC invocations=9 (full 2):
 PSYoungGen      total 162304K, used 7883K [0x0000000780900000, 0x0000000791f00000, 0x00000007c0000000)
  eden space 146944K, 0% used [0x0000000780900000,0x0000000780900000,0x0000000789880000)
  from space 15360K, 51% used [0x0000000789880000,0x000000078a032da8,0x000000078a780000)
  to   space 14848K, 0% used [0x0000000791080000,0x0000000791080000,0x0000000791f00000)
 ParOldGen       total 86016K, used 10483K [0x0000000701a00000, 0x0000000706e00000, 0x0000000780900000)
  object space 86016K, 12% used [0x0000000701a00000,0x000000070243cf08,0x0000000706e00000)
 Metaspace       used 35112K, capacity 35372K, committed 35496K, reserved 1081344K
  class space    used 4519K, capacity 4601K, committed 4608K, reserved 1048576K
Event: 6.599 GC heap after
Heap after GC invocations=9 (full 2):
 PSYoungGen      total 162304K, used 0K [0x0000000780900000, 0x0000000791f00000, 0x00000007c0000000)
  eden space 146944K, 0% used [0x0000000780900000,0x0000000780900000,0x0000000789880000)
  from space 15360K, 0% used [0x0000000789880000,0x0000000789880000,0x000000078a780000)
  to   space 14848K, 0% used [0x0000000791080000,0x0000000791080000,0x0000000791f00000)
 ParOldGen       total 116224K, used 16796K [0x0000000701a00000, 0x0000000708b80000, 0x0000000780900000)
  object space 116224K, 14% used [0x0000000701a00000,0x0000000702a67088,0x0000000708b80000)
 Metaspace       used 35112K, capacity 35372K, committed 35496K, reserved 1081344K
  class space    used 4519K, capacity 4601K, committed 4608K, reserved 1048576K
}

